#-----------------------------------------------------------
# Vivado v2017.4 (64-bit)
# SW Build 2086221 on Fri Dec 15 20:55:39 MST 2017
# IP Build 2085800 on Fri Dec 15 22:25:07 MST 2017
# Start of session at: Mon Jan  4 17:47:56 2021
# Process ID: 1300
# Current directory: F:/WowerSketch
# Command line: vivado.exe -gui_launcher_event rodinguilauncherevent2080 F:\WowerSketch\WowerSketch.xpr
# Log file: F:/WowerSketch/vivado.log
# Journal file: F:/WowerSketch\vivado.jou
#-----------------------------------------------------------
start_gui
open_project F:/WowerSketch/WowerSketch.xpr
Scanning sources...
Finished scanning sources
INFO: [IP_Flow 19-234] Refreshing IP repositories
INFO: [IP_Flow 19-1704] No user IP repositories specified
INFO: [IP_Flow 19-2313] Loaded Vivado IP repository 'E:/software/vivado2017.04/Vivado/2017.4/data/ip'.
open_project: Time (s): cpu = 00:00:14 ; elapsed = 00:00:11 . Memory (MB): peak = 779.730 ; gain = 124.180
update_compile_order -fileset sources_1
open_run synth_2 -name synth_2
Design is defaulting to impl run constrset: constrs_1
Design is defaulting to synth run part: xc7vx690tffg1761-2
INFO: [Project 1-479] Netlist was created with Vivado 2017.4
INFO: [Device 21-403] Loading part xc7vx690tffg1761-2
INFO: [Project 1-570] Preparing netlist for logic optimization
Parsing XDC File [F:/WowerSketch/WowerSketch.srcs/constrs_1/new/top.xdc]
Finished Parsing XDC File [F:/WowerSketch/WowerSketch.srcs/constrs_1/new/top.xdc]
INFO: [Opt 31-138] Pushed 0 inverter(s) to 0 load pin(s).
INFO: [Project 1-111] Unisim Transformation Summary:
No Unisim elements were transformed.

open_run: Time (s): cpu = 00:00:29 ; elapsed = 00:00:25 . Memory (MB): peak = 1491.777 ; gain = 701.824
reset_run synth_2
launch_runs impl_2 -jobs 4
WARNING: [Project 1-478] Design 'synth_2' is stale and will not be used when launching 'impl_2'
[Mon Jan  4 17:49:44 2021] Launched synth_2...
Run output will be captured here: F:/WowerSketch/WowerSketch.runs/synth_2/runme.log
[Mon Jan  4 17:49:44 2021] Launched impl_2...
Run output will be captured here: F:/WowerSketch/WowerSketch.runs/impl_2/runme.log
refresh_design
INFO: [Project 1-479] Netlist was created with Vivado 2017.4
INFO: [Project 1-570] Preparing netlist for logic optimization
Parsing XDC File [F:/WowerSketch/WowerSketch.srcs/constrs_1/new/top.xdc]
Finished Parsing XDC File [F:/WowerSketch/WowerSketch.srcs/constrs_1/new/top.xdc]
INFO: [Opt 31-138] Pushed 0 inverter(s) to 0 load pin(s).
refresh_design: Time (s): cpu = 00:00:16 ; elapsed = 00:00:07 . Memory (MB): peak = 2321.109 ; gain = 79.035
synth_design -rtl -name rtl_1
Command: synth_design -rtl -name rtl_1
Starting synth_design
Using part: xc7vx690tffg1761-2
Top: TowerSketch
WARNING: [Synth 8-2611] redeclaration of ansi port crcvalid is not allowed [C:/Users/hanyh/Desktop/insert/insert.srcs/sources_1/new/crc32_64bit_gen.v:12]
WARNING: [Synth 8-2611] redeclaration of ansi port checksum is not allowed [C:/Users/hanyh/Desktop/insert/insert.srcs/sources_1/new/crc32_64bit_gen.v:15]
---------------------------------------------------------------------------------
Starting RTL Elaboration : Time (s): cpu = 00:00:07 ; elapsed = 00:00:07 . Memory (MB): peak = 2337.996 ; gain = 11.367
---------------------------------------------------------------------------------
INFO: [Synth 8-638] synthesizing module 'TowerSketch' [F:/WowerSketch/WowerSketch.srcs/sources_1/new/TowerSketch.v:23]
INFO: [Synth 8-638] synthesizing module 'crc32_64bit_gen' [C:/Users/hanyh/Desktop/insert/insert.srcs/sources_1/new/crc32_64bit_gen.v:1]
INFO: [Synth 8-638] synthesizing module 'CRC32_D64' [C:/Users/hanyh/Desktop/insert/insert.srcs/sources_1/new/CRC32_D64.v:19]
INFO: [Synth 8-256] done synthesizing module 'CRC32_D64' (1#1) [C:/Users/hanyh/Desktop/insert/insert.srcs/sources_1/new/CRC32_D64.v:19]
INFO: [Synth 8-256] done synthesizing module 'crc32_64bit_gen' (2#1) [C:/Users/hanyh/Desktop/insert/insert.srcs/sources_1/new/crc32_64bit_gen.v:1]
WARNING: [Synth 8-6014] Unused sequential element counter_layer1_reg[0] was removed.  [F:/WowerSketch/WowerSketch.srcs/sources_1/new/TowerSketch.v:51]
WARNING: [Synth 8-6014] Unused sequential element counter_layer1_reg[1] was removed.  [F:/WowerSketch/WowerSketch.srcs/sources_1/new/TowerSketch.v:51]
WARNING: [Synth 8-6014] Unused sequential element counter_layer1_reg[2] was removed.  [F:/WowerSketch/WowerSketch.srcs/sources_1/new/TowerSketch.v:51]
WARNING: [Synth 8-6014] Unused sequential element counter_layer1_reg[3] was removed.  [F:/WowerSketch/WowerSketch.srcs/sources_1/new/TowerSketch.v:51]
WARNING: [Synth 8-6014] Unused sequential element counter_layer1_reg[4] was removed.  [F:/WowerSketch/WowerSketch.srcs/sources_1/new/TowerSketch.v:51]
WARNING: [Synth 8-6014] Unused sequential element counter_layer1_reg[5] was removed.  [F:/WowerSketch/WowerSketch.srcs/sources_1/new/TowerSketch.v:51]
WARNING: [Synth 8-6014] Unused sequential element counter_layer1_reg[6] was removed.  [F:/WowerSketch/WowerSketch.srcs/sources_1/new/TowerSketch.v:51]
WARNING: [Synth 8-6014] Unused sequential element counter_layer1_reg[7] was removed.  [F:/WowerSketch/WowerSketch.srcs/sources_1/new/TowerSketch.v:51]
WARNING: [Synth 8-6014] Unused sequential element counter_layer2_reg[0] was removed.  [F:/WowerSketch/WowerSketch.srcs/sources_1/new/TowerSketch.v:54]
WARNING: [Synth 8-6014] Unused sequential element counter_layer2_reg[1] was removed.  [F:/WowerSketch/WowerSketch.srcs/sources_1/new/TowerSketch.v:54]
WARNING: [Synth 8-6014] Unused sequential element counter_layer2_reg[2] was removed.  [F:/WowerSketch/WowerSketch.srcs/sources_1/new/TowerSketch.v:54]
WARNING: [Synth 8-6014] Unused sequential element counter_layer2_reg[3] was removed.  [F:/WowerSketch/WowerSketch.srcs/sources_1/new/TowerSketch.v:54]
WARNING: [Synth 8-6014] Unused sequential element counter_layer2_reg[4] was removed.  [F:/WowerSketch/WowerSketch.srcs/sources_1/new/TowerSketch.v:54]
WARNING: [Synth 8-6014] Unused sequential element counter_layer2_reg[5] was removed.  [F:/WowerSketch/WowerSketch.srcs/sources_1/new/TowerSketch.v:54]
WARNING: [Synth 8-6014] Unused sequential element counter_layer2_reg[6] was removed.  [F:/WowerSketch/WowerSketch.srcs/sources_1/new/TowerSketch.v:54]
WARNING: [Synth 8-6014] Unused sequential element counter_layer2_reg[7] was removed.  [F:/WowerSketch/WowerSketch.srcs/sources_1/new/TowerSketch.v:54]
WARNING: [Synth 8-6014] Unused sequential element counter_layer2_reg[8] was removed.  [F:/WowerSketch/WowerSketch.srcs/sources_1/new/TowerSketch.v:54]
WARNING: [Synth 8-6014] Unused sequential element counter_layer2_reg[9] was removed.  [F:/WowerSketch/WowerSketch.srcs/sources_1/new/TowerSketch.v:54]
WARNING: [Synth 8-6014] Unused sequential element counter_layer2_reg[10] was removed.  [F:/WowerSketch/WowerSketch.srcs/sources_1/new/TowerSketch.v:54]
WARNING: [Synth 8-6014] Unused sequential element counter_layer2_reg[11] was removed.  [F:/WowerSketch/WowerSketch.srcs/sources_1/new/TowerSketch.v:54]
WARNING: [Synth 8-6014] Unused sequential element counter_layer2_reg[12] was removed.  [F:/WowerSketch/WowerSketch.srcs/sources_1/new/TowerSketch.v:54]
WARNING: [Synth 8-6014] Unused sequential element counter_layer2_reg[13] was removed.  [F:/WowerSketch/WowerSketch.srcs/sources_1/new/TowerSketch.v:54]
WARNING: [Synth 8-6014] Unused sequential element counter_layer2_reg[14] was removed.  [F:/WowerSketch/WowerSketch.srcs/sources_1/new/TowerSketch.v:54]
WARNING: [Synth 8-6014] Unused sequential element counter_layer2_reg[15] was removed.  [F:/WowerSketch/WowerSketch.srcs/sources_1/new/TowerSketch.v:54]
WARNING: [Synth 8-6014] Unused sequential element counter_layer3_reg[0] was removed.  [F:/WowerSketch/WowerSketch.srcs/sources_1/new/TowerSketch.v:57]
WARNING: [Synth 8-6014] Unused sequential element counter_layer3_reg[1] was removed.  [F:/WowerSketch/WowerSketch.srcs/sources_1/new/TowerSketch.v:57]
WARNING: [Synth 8-6014] Unused sequential element counter_layer3_reg[2] was removed.  [F:/WowerSketch/WowerSketch.srcs/sources_1/new/TowerSketch.v:57]
WARNING: [Synth 8-6014] Unused sequential element counter_layer3_reg[3] was removed.  [F:/WowerSketch/WowerSketch.srcs/sources_1/new/TowerSketch.v:57]
WARNING: [Synth 8-6014] Unused sequential element counter_layer3_reg[4] was removed.  [F:/WowerSketch/WowerSketch.srcs/sources_1/new/TowerSketch.v:57]
WARNING: [Synth 8-6014] Unused sequential element counter_layer3_reg[5] was removed.  [F:/WowerSketch/WowerSketch.srcs/sources_1/new/TowerSketch.v:57]
WARNING: [Synth 8-6014] Unused sequential element counter_layer3_reg[6] was removed.  [F:/WowerSketch/WowerSketch.srcs/sources_1/new/TowerSketch.v:57]
WARNING: [Synth 8-6014] Unused sequential element counter_layer3_reg[7] was removed.  [F:/WowerSketch/WowerSketch.srcs/sources_1/new/TowerSketch.v:57]
WARNING: [Synth 8-6014] Unused sequential element counter_layer3_reg[8] was removed.  [F:/WowerSketch/WowerSketch.srcs/sources_1/new/TowerSketch.v:57]
WARNING: [Synth 8-6014] Unused sequential element counter_layer3_reg[9] was removed.  [F:/WowerSketch/WowerSketch.srcs/sources_1/new/TowerSketch.v:57]
WARNING: [Synth 8-6014] Unused sequential element counter_layer3_reg[10] was removed.  [F:/WowerSketch/WowerSketch.srcs/sources_1/new/TowerSketch.v:57]
WARNING: [Synth 8-6014] Unused sequential element counter_layer3_reg[11] was removed.  [F:/WowerSketch/WowerSketch.srcs/sources_1/new/TowerSketch.v:57]
WARNING: [Synth 8-6014] Unused sequential element counter_layer3_reg[12] was removed.  [F:/WowerSketch/WowerSketch.srcs/sources_1/new/TowerSketch.v:57]
WARNING: [Synth 8-6014] Unused sequential element counter_layer3_reg[13] was removed.  [F:/WowerSketch/WowerSketch.srcs/sources_1/new/TowerSketch.v:57]
WARNING: [Synth 8-6014] Unused sequential element counter_layer3_reg[14] was removed.  [F:/WowerSketch/WowerSketch.srcs/sources_1/new/TowerSketch.v:57]
WARNING: [Synth 8-6014] Unused sequential element counter_layer3_reg[15] was removed.  [F:/WowerSketch/WowerSketch.srcs/sources_1/new/TowerSketch.v:57]
WARNING: [Synth 8-6014] Unused sequential element counter_layer3_reg[16] was removed.  [F:/WowerSketch/WowerSketch.srcs/sources_1/new/TowerSketch.v:57]
WARNING: [Synth 8-6014] Unused sequential element counter_layer3_reg[17] was removed.  [F:/WowerSketch/WowerSketch.srcs/sources_1/new/TowerSketch.v:57]
WARNING: [Synth 8-6014] Unused sequential element counter_layer3_reg[18] was removed.  [F:/WowerSketch/WowerSketch.srcs/sources_1/new/TowerSketch.v:57]
WARNING: [Synth 8-6014] Unused sequential element counter_layer3_reg[19] was removed.  [F:/WowerSketch/WowerSketch.srcs/sources_1/new/TowerSketch.v:57]
WARNING: [Synth 8-6014] Unused sequential element counter_layer3_reg[20] was removed.  [F:/WowerSketch/WowerSketch.srcs/sources_1/new/TowerSketch.v:57]
WARNING: [Synth 8-6014] Unused sequential element counter_layer3_reg[21] was removed.  [F:/WowerSketch/WowerSketch.srcs/sources_1/new/TowerSketch.v:57]
WARNING: [Synth 8-6014] Unused sequential element counter_layer3_reg[22] was removed.  [F:/WowerSketch/WowerSketch.srcs/sources_1/new/TowerSketch.v:57]
WARNING: [Synth 8-6014] Unused sequential element counter_layer3_reg[23] was removed.  [F:/WowerSketch/WowerSketch.srcs/sources_1/new/TowerSketch.v:57]
WARNING: [Synth 8-6014] Unused sequential element counter_layer3_reg[24] was removed.  [F:/WowerSketch/WowerSketch.srcs/sources_1/new/TowerSketch.v:57]
WARNING: [Synth 8-6014] Unused sequential element counter_layer3_reg[25] was removed.  [F:/WowerSketch/WowerSketch.srcs/sources_1/new/TowerSketch.v:57]
WARNING: [Synth 8-6014] Unused sequential element counter_layer3_reg[26] was removed.  [F:/WowerSketch/WowerSketch.srcs/sources_1/new/TowerSketch.v:57]
WARNING: [Synth 8-6014] Unused sequential element counter_layer3_reg[27] was removed.  [F:/WowerSketch/WowerSketch.srcs/sources_1/new/TowerSketch.v:57]
WARNING: [Synth 8-6014] Unused sequential element counter_layer3_reg[28] was removed.  [F:/WowerSketch/WowerSketch.srcs/sources_1/new/TowerSketch.v:57]
WARNING: [Synth 8-6014] Unused sequential element counter_layer3_reg[29] was removed.  [F:/WowerSketch/WowerSketch.srcs/sources_1/new/TowerSketch.v:57]
WARNING: [Synth 8-6014] Unused sequential element counter_layer3_reg[30] was removed.  [F:/WowerSketch/WowerSketch.srcs/sources_1/new/TowerSketch.v:57]
WARNING: [Synth 8-6014] Unused sequential element counter_layer3_reg[31] was removed.  [F:/WowerSketch/WowerSketch.srcs/sources_1/new/TowerSketch.v:57]
INFO: [Synth 8-256] done synthesizing module 'TowerSketch' (3#1) [F:/WowerSketch/WowerSketch.srcs/sources_1/new/TowerSketch.v:23]
---------------------------------------------------------------------------------
Finished RTL Elaboration : Time (s): cpu = 00:00:08 ; elapsed = 00:00:08 . Memory (MB): peak = 2393.758 ; gain = 67.129
---------------------------------------------------------------------------------

Report Check Netlist: 
+------+------------------+-------+---------+-------+------------------+
|      |Item              |Errors |Warnings |Status |Description       |
+------+------------------+-------+---------+-------+------------------+
|1     |multi_driven_nets |      0|        0|Passed |Multi driven nets |
+------+------------------+-------+---------+-------+------------------+
---------------------------------------------------------------------------------
Finished RTL Optimization Phase 1 : Time (s): cpu = 00:00:09 ; elapsed = 00:00:09 . Memory (MB): peak = 2393.758 ; gain = 67.129
---------------------------------------------------------------------------------
INFO: [Project 1-570] Preparing netlist for logic optimization

Processing XDC Constraints
Initializing timing engine
Parsing XDC File [F:/WowerSketch/WowerSketch.srcs/constrs_1/new/top.xdc]
Finished Parsing XDC File [F:/WowerSketch/WowerSketch.srcs/constrs_1/new/top.xdc]
Completed Processing XDC Constraints

INFO: [Opt 31-138] Pushed 0 inverter(s) to 0 load pin(s).
INFO: [Project 1-111] Unisim Transformation Summary:
No Unisim elements were transformed.

RTL Elaboration Complete:  : Time (s): cpu = 00:00:19 ; elapsed = 00:00:15 . Memory (MB): peak = 2599.465 ; gain = 272.836
9 Infos, 58 Warnings, 0 Critical Warnings and 0 Errors encountered.
synth_design completed successfully
synth_design: Time (s): cpu = 00:00:19 ; elapsed = 00:00:15 . Memory (MB): peak = 2599.465 ; gain = 272.836
set_property package_pin "" [get_ports [list  {e[34]}]]
set_property package_pin "" [get_ports [list  {e[54]}]]
set_property package_pin "" [get_ports [list  rst_n]]
set_property package_pin "" [get_ports [list  rst_n]]
set_property package_pin "" [get_ports [list  {e[34]}]]
set_property package_pin "" [get_ports [list  {e[34]}]]
current_design synth_2
current_design rtl_1
